

Microchip Technology PIC LITE Macro Assembler V1.32 build 58300 
                                                                                               Sat Apr 11 16:25:08 2015

Microchip Technology Omniscient Code Generator (Lite mode) build 58300
     1                           	processor	16F1518
     2                           	opt	pw 120
     3                           	opt	lm
     4                           	psect	idataBANK2,global,class=CODE,delta=2
     5                           	psect	cinit,global,class=CODE,merge=1,delta=2
     6                           	psect	bssCOMMON,global,class=COMMON,space=1,delta=1
     7                           	psect	bssBANK0,global,class=BANK0,space=1,delta=1
     8                           	psect	bssBANK1,global,class=BANK1,space=1,delta=1
     9                           	psect	dataBANK2,global,class=BANK2,space=1,delta=1
    10                           	psect	clrtext,global,class=CODE,delta=2
    11                           	psect	inittext,global,class=CODE,delta=2
    12                           	psect	cstackBANK1,global,class=BANK1,space=1,delta=1
    13                           	psect	cstackCOMMON,global,class=COMMON,space=1,delta=1
    14                           	psect	maintext,global,class=CODE,merge=1,split=1,delta=2
    15                           	psect	intentry,global,class=CODE,delta=2
    16                           	psect	text2,local,class=CODE,merge=1,inline,delta=2
    17                           	psect	text3,local,class=CODE,merge=1,inline,delta=2
    18                           	dabs	1,0x7E,2
    19  0000                     	;# 
    20  0001                     	;# 
    21  0002                     	;# 
    22  0003                     	;# 
    23  0004                     	;# 
    24  0005                     	;# 
    25  0006                     	;# 
    26  0007                     	;# 
    27  0008                     	;# 
    28  0009                     	;# 
    29  000A                     	;# 
    30  000B                     	;# 
    31  000C                     	;# 
    32  000D                     	;# 
    33  000E                     	;# 
    34  0010                     	;# 
    35  0011                     	;# 
    36  0012                     	;# 
    37  0015                     	;# 
    38  0016                     	;# 
    39  0016                     	;# 
    40  0017                     	;# 
    41  0018                     	;# 
    42  0019                     	;# 
    43  001A                     	;# 
    44  001B                     	;# 
    45  001C                     	;# 
    46  008C                     	;# 
    47  008D                     	;# 
    48  008E                     	;# 
    49  0090                     	;# 
    50  0091                     	;# 
    51  0092                     	;# 
    52  0095                     	;# 
    53  0096                     	;# 
    54  0097                     	;# 
    55  0099                     	;# 
    56  009A                     	;# 
    57  009B                     	;# 
    58  009B                     	;# 
    59  009C                     	;# 
    60  009D                     	;# 
    61  009E                     	;# 
    62  010C                     	;# 
    63  010D                     	;# 
    64  010E                     	;# 
    65  0116                     	;# 
    66  0117                     	;# 
    67  011D                     	;# 
    68  018C                     	;# 
    69  018D                     	;# 
    70  018E                     	;# 
    71  0191                     	;# 
    72  0191                     	;# 
    73  0192                     	;# 
    74  0193                     	;# 
    75  0193                     	;# 
    76  0194                     	;# 
    77  0195                     	;# 
    78  0196                     	;# 
    79  0197                     	;# 
    80  0199                     	;# 
    81  019A                     	;# 
    82  019B                     	;# 
    83  019B                     	;# 
    84  019B                     	;# 
    85  019B                     	;# 
    86  019C                     	;# 
    87  019C                     	;# 
    88  019D                     	;# 
    89  019E                     	;# 
    90  019F                     	;# 
    91  020D                     	;# 
    92  0210                     	;# 
    93  0211                     	;# 
    94  0211                     	;# 
    95  0212                     	;# 
    96  0212                     	;# 
    97  0213                     	;# 
    98  0213                     	;# 
    99  0214                     	;# 
   100  0214                     	;# 
   101  0215                     	;# 
   102  0215                     	;# 
   103  0215                     	;# 
   104  0216                     	;# 
   105  0216                     	;# 
   106  0217                     	;# 
   107  0217                     	;# 
   108  0291                     	;# 
   109  0291                     	;# 
   110  0292                     	;# 
   111  0293                     	;# 
   112  0298                     	;# 
   113  0298                     	;# 
   114  0299                     	;# 
   115  029A                     	;# 
   116  0394                     	;# 
   117  0395                     	;# 
   118  0396                     	;# 
   119  0FE4                     	;# 
   120  0FE5                     	;# 
   121  0FE6                     	;# 
   122  0FE7                     	;# 
   123  0FE8                     	;# 
   124  0FE9                     	;# 
   125  0FEA                     	;# 
   126  0FEB                     	;# 
   127  0FED                     	;# 
   128  0FEE                     	;# 
   129  0FEF                     	;# 
   130                           
   131                           	psect	idataBANK2
   132  0000'                    __pidataBANK2:	
   133                           
   134                           ;initializer for __product
   135  0000' 3463               	retlw	99
   136  0001' 3402               	retlw	2
   137  0002' 3400               	retlw	0
   138  0003' 3400               	retlw	0
   139  0004' 3400               	retlw	0
   140  0005' 3400               	retlw	0
   141  0006' 3400               	retlw	0
   142  0007' 3400               	retlw	0
   143  0008' 3400               	retlw	0
   144  0009' 3400               	retlw	0
   145  000A' 3400               	retlw	0
   146  000B' 3400               	retlw	0
   147  000C' 34FF               	retlw	255
   148  000D' 34FF               	retlw	255
   149  000E' 34FF               	retlw	255
   150  000F' 3400               	retlw	0
   151  0010' 3400               	retlw	0
   152  0011' 3400               	retlw	0
   153  0012' 3400               	retlw	0
   154  0013' 3400               	retlw	0
   155  0014' 3400               	retlw	0
   156  0015' 3400               	retlw	0
   157  0016' 3400               	retlw	0
   158  0017' 3400               	retlw	0
   159  0018' 3400               	retlw	0
   160  0019' 3400               	retlw	0
   161  001A' 3400               	retlw	0
   162  001B' 3400               	retlw	0
   163  001C' 3400               	retlw	0
   164  001D' 3400               	retlw	0
   165  001E' 3400               	retlw	0
   166  001F' 3400               	retlw	0
   167  000C                     _PORTA	set	12
   168  000D                     _PORTB	set	13
   169  000E                     _PORTC	set	14
   170  0018                     _T1CON	set	24
   171  0017                     _TMR1H	set	23
   172  0016                     _TMR1L	set	22
   173  005F                     _GIE	set	95
   174  005B                     _IOCIE	set	91
   175  0058                     _IOCIF	set	88
   176  005E                     _PEIE	set	94
   177  0088                     _TMR1IF	set	136
   178  009D                     _ADCON0	set	157
   179  009E                     _ADCON1	set	158
   180  009C                     _ADRESH	set	156
   181  009B                     _ADRESL	set	155
   182  0099                     _OSCCON	set	153
   183  008C                     _TRISA	set	140
   184  008D                     _TRISB	set	141
   185  008E                     _TRISC	set	142
   186  0097                     _WDTCON	set	151
   187  04E9                     _GO_nDONE	set	1257
   188  0488                     _TMR1IE	set	1160
   189  0117                     _FVRCON	set	279
   190  010C                     _LATA	set	268
   191  010D                     _LATB	set	269
   192  010E                     _LATC	set	270
   193  018C                     _ANSELA	set	396
   194  018D                     _ANSELB	set	397
   195  018E                     _ANSELC	set	398
   196  0192                     _PMADRH	set	402
   197  0191                     _PMADRL	set	401
   198  0196                     _PMCON2	set	406
   199  0194                     _PMDATH	set	404
   200  0193                     _PMDATL	set	403
   201  0CAE                     _CFGS	set	3246
   202  0CAC                     _FREE	set	3244
   203  0CAD                     _LWLO	set	3245
   204  0CA8                     _RD	set	3240
   205  0CA9                     _WR	set	3241
   206  0CAA                     _WREN	set	3242
   207  020D                     _WPUB	set	525
   208  0396                     _IOCBF	set	918
   209  0395                     _IOCBN	set	917
   210  0394                     _IOCBP	set	916
   211  1CB2                     _IOCBF2	set	7346
   212                           
   213                           ; #config settings
   214  0000                     
   215                           	psect	cinit
   216  0000'                    start_initialization:	
   217  0000'                    __initialization:	
   218                           
   219                           ; Clear objects allocated to COMMON
   220  0000' 3000'              	movlw	low __pbssCOMMON
   221  0001' 0084               	movwf	4
   222  0002' 3000'              	movlw	high __pbssCOMMON
   223  0003' 0085               	movwf	5
   224  0004' 3009               	movlw	9
   225  0005' 3180' 2000' 3180'  	fcall	clear_ram0
   226                           
   227                           ; Clear objects allocated to BANK0
   228  0008' 3000'              	movlw	low __pbssBANK0
   229  0009' 0084               	movwf	4
   230  000A' 3000'              	movlw	high __pbssBANK0
   231  000B' 0085               	movwf	5
   232  000C' 304E               	movlw	78
   233  000D' 3180' 2000' 3180'  	fcall	clear_ram0
   234                           
   235                           ; Clear objects allocated to BANK1
   236  0010' 3000'              	movlw	low __pbssBANK1
   237  0011' 0084               	movwf	4
   238  0012' 3000'              	movlw	high __pbssBANK1
   239  0013' 0085               	movwf	5
   240  0014' 3035               	movlw	53
   241  0015' 3180' 2000' 3180'  	fcall	clear_ram0
   242                           
   243                           ; Initialize objects allocated to BANK2
   244  0018' 3000'              	movlw	low __pidataBANK2
   245  0019' 0084               	movwf	4
   246  001A' 3000'              	movlw	(high __pidataBANK2)| (0+128)
   247  001B' 0085               	movwf	5
   248  001C' 3000'              	movlw	low __pdataBANK2
   249  001D' 0086               	movwf	6
   250  001E' 3000'              	movlw	high __pdataBANK2
   251  001F' 0087               	movwf	7
   252  0020' 3020               	movlw	32
   253  0021' 3180' 2000'        	fcall	init_ram
   254  0023'                    end_of_initialization:	
   255                           ;End of C runtime variable initialization code
   256                           
   257  0023'                    __end_of__initialization:	
   258  0023' 107E               	bcf	pic14e$flags,0	;clear compiler interrupt flag
   259  0024' 0020               	movlb	0
   260  0025' 3180' 2800'        	ljmp	_main	;jump to C main() function
   261                           
   262                           	psect	bssCOMMON
   263  0000'                    __pbssCOMMON:	
   264  0000'                    _Cmd:	
   265  0000'                    	ds	1
   266  0001'                    _DelayOff:	
   267  0001'                    	ds	1
   268  0002'                    _DimmerIntr:	
   269  0002'                    	ds	1
   270  0003'                    _DimmerLights:	
   271  0003'                    	ds	1
   272  0004'                    _LED:	
   273  0004'                    	ds	1
   274  0005'                    _Light:	
   275  0005'                    	ds	1
   276  0006'                    _Sw:	
   277  0006'                    	ds	1
   278  0007'                    _SwDetect:	
   279  0007'                    	ds	1
   280  0008'                    _product:	
   281  0008'                    	ds	1
   282                           
   283                           	psect	bssBANK0
   284  0000'                    __pbssBANK0:	
   285  0000'                    _myMain:	
   286  0000'                    	ds	13
   287  000D'                    _Sw1:	
   288  000D'                    	ds	9
   289  0016'                    _Dimmer:	
   290  0016'                    	ds	5
   291  001B'                    _DlySw1:	
   292  001B'                    	ds	5
   293  0020'                    _VarErrLED:	
   294  0020'                    	ds	4
   295  0024'                    _Timer1:	
   296  0024'                    	ds	3
   297  0027'                    _WDT:	
   298  0027'                    	ds	2
   299  0029'                    _Memory:	
   300  0029'                    	ds	37
   301                           
   302                           	psect	bssBANK1
   303  0000'                    __pbssBANK1:	
   304  0000'                    _DimmerIntr1:	
   305  0000'                    	ds	16
   306  0010'                    _u1:	
   307  0010'                    	ds	16
   308  0020'                    _Buz1:	
   309  0020'                    	ds	12
   310  002C'                    _DimmerLights1:	
   311  002C'                    	ds	9
   312                           
   313                           	psect	dataBANK2
   314  0000'                    __pdataBANK2:	
   315  0000'                    __product:	
   316  0000'                    	ds	32
   317                           
   318                           	psect	clrtext
   319  0000'                    clear_ram0:	
   320                           ;	Called with FSR0 containing the base address, and
   321                           ;	WREG with the size to clear
   322                           
   323  0000' 0064               	clrwdt	;clear the watchdog before getting into this loop
   324  0001'                    clrloop0:	
   325  0001' 0180               	clrf	0	;clear RAM location pointed to by FSR
   326  0002' 3101               	addfsr 0,1
   327  0003' 0B89               	decfsz	9,f	;Have we reached the end of clearing yet?
   328  0004' 2800'              	goto	clrloop0	;have we reached the end yet?
   329  0005' 3400               	retlw	0	;all done for this memory range, return
   330                           
   331                           	psect	inittext
   332  0000'                    init_ram:	
   333  0000' 00FE               	movwf	126
   334  0001'                    initloop:	
   335  0001' 0012               	moviw fsr0++
   336  0002' 001E               	movwi fsr1++
   337  0003' 0BFE               	decfsz	126,f
   338  0004' 2800'              	goto	initloop
   339  0005' 3400               	retlw	0
   340                           
   341                           	psect	cstackBANK1
   342  0000'                    __pcstackBANK1:	
   343  0000'                    ?_main:	
   344  0000'                    main@argc:	
   345                           ; 2 bytes @ 0x0
   346                           
   347                           
   348                           ; 2 bytes @ 0x0
   349  0000'                    	ds	2
   350  0002'                    main@argv:	
   351                           
   352                           ; 2 bytes @ 0x2
   353  0002'                    	ds	2
   354                           
   355                           	psect	cstackCOMMON
   356  0000'                    __pcstackCOMMON:	
   357  0000'                    ?_TMR1_ISR:	
   358  0000'                    ??_TMR1_ISR:	
   359                           ; 0 bytes @ 0x0
   360                           
   361  0000'                    ?_IOC_ISR:	
   362                           ; 0 bytes @ 0x0
   363                           
   364  0000'                    ??_IOC_ISR:	
   365                           ; 0 bytes @ 0x0
   366                           
   367  0000'                    ?_DimmerLights_TMR_1:	
   368                           ; 0 bytes @ 0x0
   369                           
   370  0000'                    ??_DimmerLights_TMR_1:	
   371                           ; 0 bytes @ 0x0
   372                           
   373  0000'                    ?_DimmerLights_IOC_1:	
   374                           ; 0 bytes @ 0x0
   375                           
   376  0000'                    ??_DimmerLights_IOC_1:	
   377                           ; 0 bytes @ 0x0
   378                           
   379  0000'                    ?_ISR:	
   380                           ; 0 bytes @ 0x0
   381                           
   382  0000'                    ??_ISR:	
   383                           ; 0 bytes @ 0x0
   384                           
   385                           
   386                           ; 0 bytes @ 0x0
   387  0000'                    	ds	1
   388  0001'                    ??_main:	
   389                           
   390                           	psect	maintext
   391  0000'                    __pmaintext:	
   392                           ; 0 bytes @ 0x1
   393 ;;
   394 ;;Main: autosize = 0, tempsize = 0, incstack = 0, save=0
   395 ;;
   396 ;; *************** function _main *****************
   397 ;; Defined at:
   398 ;;		line 13 in file "../source/Main.c"
   399 ;; Parameters:    Size  Location     Type
   400 ;;  argc            2    0[BANK1 ] int 
   401 ;;  argv            2    2[BANK1 ] PTR PTR unsigned char 
   402 ;; Auto vars:     Size  Location     Type
   403 ;;		None
   404 ;; Return value:  Size  Location     Type
   405 ;;                  2    0[BANK1 ] int 
   406 ;; Registers used:
   407 ;;		None
   408 ;; Tracked objects:
   409 ;;		On entry : 17F/0
   410 ;;		On exit  : 0/0
   411 ;;		Unchanged: 0/0
   412 ;; Data sizes:     COMMON   BANK0   BANK1   BANK2   BANK3   BANK4   BANK5   BANK6   BANK7   BANK8   BANK9  BANK10  BANK1
      +1  BANK12
   413 ;;      Params:         0       0       4       0       0       0       0       0       0       0       0       0       
      +0       0
   414 ;;      Locals:         0       0       0       0       0       0       0       0       0       0       0       0       
      +0       0
   415 ;;      Temps:          0       0       0       0       0       0       0       0       0       0       0       0       
      +0       0
   416 ;;      Totals:         0       0       4       0       0       0       0       0       0       0       0       0       
      +0       0
   417 ;;Total ram usage:        4 bytes
   418 ;; Hardware stack levels required when called:    3
   419 ;; This function calls:
   420 ;;		Nothing
   421 ;; This function is called by:
   422 ;;		Startup code after reset
   423 ;; This function uses a non-reentrant model
   424 ;;
   425                           
   426                           
   427                           ;psect for function _main
   428  0000'                    _main:	
   429  0000'                    l3:	
   430                           ;incstack = 0
   431                           ; Regs used in _main: []
   432                           ;Main.c: 19: while(1){
   433                           
   434  0000' 2800'              	goto	l3
   435  0001'                    __end_of_main:	
   436                           ;Main.c: 25: }
   437                           ;Main.c: 29: return (0);
   438                           ;	Return value of _main is never used
   439                           
   440                           
   441                           	psect	intentry
   442  0000'                    __pintentry:	
   443 ;; *************** function _ISR *****************
   444 ;; Defined at:
   445 ;;		line 116 in file "../src/MCU_B1.c"
   446 ;; Parameters:    Size  Location     Type
   447 ;;		None
   448 ;; Auto vars:     Size  Location     Type
   449 ;;		None
   450 ;; Return value:  Size  Location     Type
   451 ;;		None               void
   452 ;; Registers used:
   453 ;;		wreg, fsr0l, fsr0h, fsr1l, fsr1h, fsr1l, fsr1h, status,2, status,0, pclath, cstack
   454 ;; Tracked objects:
   455 ;;		On entry : 0/0
   456 ;;		On exit  : 0/0
   457 ;;		Unchanged: 0/0
   458 ;; Data sizes:     COMMON   BANK0   BANK1   BANK2   BANK3   BANK4   BANK5   BANK6   BANK7   BANK8   BANK9  BANK10  BANK1
      +1  BANK12
   459 ;;      Params:         0       0       0       0       0       0       0       0       0       0       0       0       
      +0       0
   460 ;;      Locals:         0       0       0       0       0       0       0       0       0       0       0       0       
      +0       0
   461 ;;      Temps:          1       0       0       0       0       0       0       0       0       0       0       0       
      +0       0
   462 ;;      Totals:         1       0       0       0       0       0       0       0       0       0       0       0       
      +0       0
   463 ;;Total ram usage:        1 bytes
   464 ;; Hardware stack levels used:    1
   465 ;; Hardware stack levels required when called:    2
   466 ;; This function calls:
   467 ;;		_IOC_ISR
   468 ;;		_TMR1_ISR
   469 ;; This function is called by:
   470 ;;		Interrupt level 1
   471 ;; This function uses a non-reentrant model
   472 ;;
   473                           
   474  0000'                    _ISR:	
   475                           
   476                           ;incstack = 0
   477                           ; Regs used in _ISR: [allreg]
   478  0000' 147E               	bsf	126,0	;set compiler interrupt flag
   479  0001' 3180'              	pagesel	$
   480  0002' 0020               	movlb	0	; select bank0
   481  0003' 087F               	movf	127,w
   482  0004' 0080'              	movwf	??_ISR
   483                           
   484                           ;MCU_B1.c: 125: if (TMR1IE == 1 && TMR1IF == 1) {
   485  0005' 0021               	movlb	1	; select bank1
   486  0006' 1C11               	btfss	17,0	;volatile
   487  0007' 2800'              	goto	i1l1055
   488  0008' 0020               	movlb	0	; select bank0
   489  0009' 1C11               	btfss	17,0	;volatile
   490  000A' 2800'              	goto	i1l1055
   491                           
   492                           ;MCU_B1.c: 126: TMR1_ISR();
   493  000B' 3180' 2000' 3180'  	fcall	_TMR1_ISR
   494  000E'                    i1l1055:	
   495                           
   496                           ;MCU_B1.c: 127: }
   497                           ;MCU_B1.c: 138: if (IOCIE == 1 && IOCIF == 1 && IOCBF2 == 1) {
   498  000E' 198B               	btfsc	11,3	;volatile
   499  000F' 1C0B               	btfss	11,0	;volatile
   500  0010' 2800'              	goto	i1l194
   501  0011' 0027               	movlb	7	; select bank7
   502  0012' 1D16               	btfss	22,2	;volatile
   503  0013' 2800'              	goto	i1l194
   504                           
   505                           ;MCU_B1.c: 139: IOC_ISR();
   506  0014' 3180' 2000'        	fcall	_IOC_ISR
   507  0016'                    i1l194:	
   508                           ;MCU_B1.c: 140: }
   509                           ;MCU_B1.c: 148: return;
   510                           
   511  0016' 0800'              	movf	??_ISR,w
   512  0017' 0020               	movlb	0	; select bank0
   513  0018' 00FF               	movwf	127
   514  0019' 107E               	bcf	126,0	;clear compiler interrupt flag
   515  001A' 0009               	retfie
   516  001B'                    __end_of_ISR:	
   517                           
   518                           	psect	text2
   519  0000'                    __ptext2:	
   520 ;; *************** function _TMR1_ISR *****************
   521 ;; Defined at:
   522 ;;		line 236 in file "../src/MCU_B1.c"
   523 ;; Parameters:    Size  Location     Type
   524 ;;		None
   525 ;; Auto vars:     Size  Location     Type
   526 ;;		None
   527 ;; Return value:  Size  Location     Type
   528 ;;		None               void
   529 ;; Registers used:
   530 ;;		wreg, fsr0l, fsr0h, fsr1l, fsr1h, fsr1l, fsr1h, status,2, status,0, pclath, cstack
   531 ;; Tracked objects:
   532 ;;		On entry : 0/0
   533 ;;		On exit  : 0/0
   534 ;;		Unchanged: 0/0
   535 ;; Data sizes:     COMMON   BANK0   BANK1   BANK2   BANK3   BANK4   BANK5   BANK6   BANK7   BANK8   BANK9  BANK10  BANK1
      +1  BANK12
   536 ;;      Params:         0       0       0       0       0       0       0       0       0       0       0       0       
      +0       0
   537 ;;      Locals:         0       0       0       0       0       0       0       0       0       0       0       0       
      +0       0
   538 ;;      Temps:          0       0       0       0       0       0       0       0       0       0       0       0       
      +0       0
   539 ;;      Totals:         0       0       0       0       0       0       0       0       0       0       0       0       
      +0       0
   540 ;;Total ram usage:        0 bytes
   541 ;; Hardware stack levels used:    1
   542 ;; Hardware stack levels required when called:    1
   543 ;; This function calls:
   544 ;;		_DimmerLights_TMR_1
   545 ;; This function is called by:
   546 ;;		_ISR
   547 ;; This function uses a non-reentrant model
   548 ;;
   549                           
   550                           
   551                           ;psect for function _TMR1_ISR
   552  0000'                    _TMR1_ISR:	
   553                           
   554                           ;MCU_B1.c: 254: DimmerLights_TMR_1();
   555                           
   556                           ;incstack = 0
   557                           ; Regs used in _TMR1_ISR: [allreg]
   558  0000' 3180' 2000' 3180'  	fcall	_DimmerLights_TMR_1
   559                           
   560                           ;MCU_B1.c: 269: Timer1.Count++;
   561  0003' 3001               	movlw	1
   562  0004' 0020               	movlb	0	; select bank0
   563  0005' 07A5'              	addwf	_Timer1+1,f
   564  0006' 3000               	movlw	0
   565  0007' 3DA6'              	addwfc	_Timer1+2,f
   566                           
   567                           ;MCU_B1.c: 270: if (Timer1.Count == (int)(20*10)) {
   568  0008' 3001               	movlw	1
   569  0009' 3E00'              	addlw	_Timer1& (0+255)
   570  000A' 0086               	movwf	6
   571  000B' 0187               	clrf	7
   572  000C' 3F40               	moviw [0]fsr1
   573  000D' 3AC8               	xorlw	200
   574  000E' 1D03               	skipz
   575  000F' 2800'              	goto	u28_25
   576  0010' 3F41               	moviw [1]fsr1
   577  0011' 3A00               	xorlw	0
   578  0012'                    u28_25:	
   579  0012' 1D03               	skipz
   580  0013' 2800'              	goto	i1l963
   581                           
   582                           ;MCU_B1.c: 271: Timer1.Count = 0;
   583  0014' 01A5'              	clrf	_Timer1+1
   584  0015' 01A6'              	clrf	_Timer1+2
   585                           
   586                           ;MCU_B1.c: 272: Timer1.Timeout = 1;
   587  0016' 1424'              	bsf	_Timer1,0
   588  0017'                    i1l963:	
   589                           
   590                           ;MCU_B1.c: 273: }
   591                           ;MCU_B1.c: 275: TMR1H = (int)((65536-1480)/256);
   592  0017' 30FA               	movlw	250
   593  0018' 0097               	movwf	23	;volatile
   594                           
   595                           ;MCU_B1.c: 276: TMR1L = (int)((65536-1480)%256);
   596  0019' 3038               	movlw	56
   597  001A' 0096               	movwf	22	;volatile
   598                           
   599                           ;MCU_B1.c: 277: TMR1IF = 0;
   600  001B' 1011               	bcf	17,0	;volatile
   601  001C' 0008               	return
   602  001D'                    __end_of_TMR1_ISR:	
   603                           
   604                           	psect	text3
   605  0000'                    __ptext3:	
   606 ;; *************** function _IOC_ISR *****************
   607 ;; Defined at:
   608 ;;		line 396 in file "../src/MCU_B1.c"
   609 ;; Parameters:    Size  Location     Type
   610 ;;		None
   611 ;; Auto vars:     Size  Location     Type
   612 ;;		None
   613 ;; Return value:  Size  Location     Type
   614 ;;		None               void
   615 ;; Registers used:
   616 ;;		wreg, fsr0l, fsr0h, fsr1l, fsr1h, fsr1l, fsr1h, status,2, status,0, pclath, cstack
   617 ;; Tracked objects:
   618 ;;		On entry : 0/0
   619 ;;		On exit  : 0/0
   620 ;;		Unchanged: 0/0
   621 ;; Data sizes:     COMMON   BANK0   BANK1   BANK2   BANK3   BANK4   BANK5   BANK6   BANK7   BANK8   BANK9  BANK10  BANK1
      +1  BANK12
   622 ;;      Params:         0       0       0       0       0       0       0       0       0       0       0       0       
      +0       0
   623 ;;      Locals:         0       0       0       0       0       0       0       0       0       0       0       0       
      +0       0
   624 ;;      Temps:          0       0       0       0       0       0       0       0       0       0       0       0       
      +0       0
   625 ;;      Totals:         0       0       0       0       0       0       0       0       0       0       0       0       
      +0       0
   626 ;;Total ram usage:        0 bytes
   627 ;; Hardware stack levels used:    1
   628 ;; Hardware stack levels required when called:    1
   629 ;; This function calls:
   630 ;;		_DimmerLights_IOC_1
   631 ;; This function is called by:
   632 ;;		_ISR
   633 ;; This function uses a non-reentrant model
   634 ;;
   635                           
   636                           
   637                           ;psect for function _IOC_ISR
   638  0000'                    _IOC_ISR:	
   639                           
   640                           ;MCU_B1.c: 398: if (myMain.PowerON == 1) {
   641                           
   642                           ;incstack = 0
   643                           ; Regs used in _IOC_ISR: [allreg]
   644  0000' 0020               	movlb	0	; select bank0
   645  0001' 1C00'              	btfss	_myMain,0
   646  0002' 2800'              	goto	i1l973
   647                           
   648                           ;MCU_B1.c: 404: DimmerLights_IOC_1();
   649  0003' 3180' 2000'        	fcall	_DimmerLights_IOC_1
   650  0005'                    i1l973:	
   651                           
   652                           ;MCU_B1.c: 418: }
   653                           ;MCU_B1.c: 420: IOCBF2 = 0;
   654  0005' 0027               	movlb	7	; select bank7
   655  0006' 1116               	bcf	22,2	;volatile
   656                           
   657                           ;MCU_B1.c: 421: IOCIF = 0;
   658  0007' 100B               	bcf	11,0	;volatile
   659  0008' 0008               	return
   660  0009'                    __end_of_IOC_ISR:	
   661  007E                     btemp	set	126	;btemp
   662  007E                     pic14e$flags	set	126
   663  007E                     wtemp	set	126
   664  007E                     wtemp0	set	126
   665  0080                     wtemp1	set	128
   666  0082                     wtemp2	set	130
   667  0084                     wtemp3	set	132
   668  0086                     wtemp4	set	134
   669  0088                     wtemp5	set	136
   670  007F                     wtemp6	set	127
   671  007E                     ttemp	set	126
   672  007E                     ttemp0	set	126
   673  0081                     ttemp1	set	129
   674  0084                     ttemp2	set	132
   675  0087                     ttemp3	set	135
   676  007F                     ttemp4	set	127
   677  007E                     ltemp	set	126
   678  007E                     ltemp0	set	126
   679  0082                     ltemp1	set	130
   680  0086                     ltemp2	set	134
   681  0080                     ltemp3	set	128


Data Sizes:
    Strings     0
    Constant    0
    Data        32
    BSS         140
    Persistent  0
    Stack       0

Auto Spaces:
    Space          Size  Autos    Used
    COMMON           14      1      10
    BANK0            80      0      78
    BANK1            80      4      57
    BANK2            80      0      32
    BANK3            80      0       0
    BANK4            80      0       0
    BANK5            80      0       0
    BANK6            80      0       0
    BANK7            80      0       0
    BANK8            80      0       0
    BANK9            80      0       0
    BANK10           80      0       0
    BANK11           80      0       0
    BANK12           48      0       0

Pointer List with Targets:

    DelayOff	PTR struct DelayOff size(1) Largest target is 0
		 -> NULL(NULL[0]), 

    DimmerIntr	PTR struct Dimmer_Interrupt size(1) Largest target is 0
		 -> NULL(NULL[0]), 

    DimmerLights	PTR struct DimmerLights size(1) Largest target is 0
		 -> NULL(NULL[0]), 

    LED	PTR struct LED size(1) Largest target is 0
		 -> NULL(NULL[0]), 

    Sw	PTR struct Switch size(1) Largest target is 0
		 -> NULL(NULL[0]), 

    product	PTR struct Product size(1) Largest target is 0
		 -> NULL(NULL[0]), 


Critical Paths under _main in COMMON

    None.

Critical Paths under _ISR in COMMON

    None.

Critical Paths under _main in BANK0

    None.

Critical Paths under _ISR in BANK0

    None.

Critical Paths under _main in BANK1

    None.

Critical Paths under _ISR in BANK1

    None.

Critical Paths under _main in BANK2

    None.

Critical Paths under _ISR in BANK2

    None.

Critical Paths under _main in BANK3

    None.

Critical Paths under _ISR in BANK3

    None.

Critical Paths under _main in BANK4

    None.

Critical Paths under _ISR in BANK4

    None.

Critical Paths under _main in BANK5

    None.

Critical Paths under _ISR in BANK5

    None.

Critical Paths under _main in BANK6

    None.

Critical Paths under _ISR in BANK6

    None.

Critical Paths under _main in BANK7

    None.

Critical Paths under _ISR in BANK7

    None.

Critical Paths under _main in BANK8

    None.

Critical Paths under _ISR in BANK8

    None.

Critical Paths under _main in BANK9

    None.

Critical Paths under _ISR in BANK9

    None.

Critical Paths under _main in BANK10

    None.

Critical Paths under _ISR in BANK10

    None.

Critical Paths under _main in BANK11

    None.

Critical Paths under _ISR in BANK11

    None.

Critical Paths under _main in BANK12

    None.

Critical Paths under _ISR in BANK12

    None.

Call Graph Tables:

 ---------------------------------------------------------------------------------
 (Depth) Function   	        Calls       Base Space   Used Autos Params    Refs
 ---------------------------------------------------------------------------------
 (0) _main                                                 4     0      4       0
                                              0 BANK1      4     0      4
 ---------------------------------------------------------------------------------
 Estimated maximum stack depth 0
 ---------------------------------------------------------------------------------
 (Depth) Function   	        Calls       Base Space   Used Autos Params    Refs
 ---------------------------------------------------------------------------------
 (1) _ISR                                                  1     1      0       0
                                              0 COMMON     1     1      0
                            _IOC_ISR
                           _TMR1_ISR
 ---------------------------------------------------------------------------------
 (2) _TMR1_ISR                                             0     0      0       0
                 _DimmerLights_TMR_1
 ---------------------------------------------------------------------------------
 (3) _DimmerLights_TMR_1                                   0     0      0       0
 ---------------------------------------------------------------------------------
 (2) _IOC_ISR                                              0     0      0       0
                 _DimmerLights_IOC_1
 ---------------------------------------------------------------------------------
 (3) _DimmerLights_IOC_1                                   0     0      0       0
 ---------------------------------------------------------------------------------
 Estimated maximum stack depth 3
 ---------------------------------------------------------------------------------

 Call Graph Graphs:

 _main (ROOT)

 _ISR (ROOT)
   _IOC_ISR
     _DimmerLights_IOC_1
   _TMR1_ISR
     _DimmerLights_TMR_1

 Address spaces:
Name               Size   Autos  Total    Cost      Usage
BIGRAM             3F0      0       0       0        0.0%
NULL                 0      0       0       0        0.0%
CODE                 0      0       0       0        0.0%
BITCOMMON            E      0       0       1        0.0%
BITSFR0              0      0       0       1        0.0%
SFR0                 0      0       0       1        0.0%
COMMON               E      1       A       2       71.4%
BITSFR1              0      0       0       2        0.0%
SFR1                 0      0       0       2        0.0%
BITSFR2              0      0       0       3        0.0%
SFR2                 0      0       0       3        0.0%
STACK                0      0       0       3        0.0%
BITBANK0            50      0       0       4        0.0%
BITSFR3              0      0       0       4        0.0%
SFR3                 0      0       0       4        0.0%
BANK0               50      0      4E       5       97.5%
BITSFR4              0      0       0       5        0.0%
SFR4                 0      0       0       5        0.0%
BITBANK1            50      0       0       6        0.0%
BITSFR5              0      0       0       6        0.0%
SFR5                 0      0       0       6        0.0%
BANK1               50      4      39       7       71.3%
BITSFR6              0      0       0       7        0.0%
SFR6                 0      0       0       7        0.0%
BITBANK2            50      0       0       8        0.0%
BITSFR7              0      0       0       8        0.0%
SFR7                 0      0       0       8        0.0%
BANK2               50      0      20       9       40.0%
BITSFR8              0      0       0       9        0.0%
SFR8                 0      0       0       9        0.0%
BITBANK3            50      0       0      10        0.0%
BITSFR9              0      0       0      10        0.0%
SFR9                 0      0       0      10        0.0%
BANK3               50      0       0      11        0.0%
BITSFR10             0      0       0      11        0.0%
SFR10                0      0       0      11        0.0%
BITBANK4            50      0       0      12        0.0%
BITSFR11             0      0       0      12        0.0%
SFR11                0      0       0      12        0.0%
BANK4               50      0       0      13        0.0%
BITSFR12             0      0       0      13        0.0%
SFR12                0      0       0      13        0.0%
BITBANK5            50      0       0      14        0.0%
BITSFR13             0      0       0      14        0.0%
SFR13                0      0       0      14        0.0%
BANK5               50      0       0      15        0.0%
BITSFR14             0      0       0      15        0.0%
SFR14                0      0       0      15        0.0%
BITBANK6            50      0       0      16        0.0%
BITSFR15             0      0       0      16        0.0%
SFR15                0      0       0      16        0.0%
BANK6               50      0       0      17        0.0%
BITSFR16             0      0       0      17        0.0%
SFR16                0      0       0      17        0.0%
BITBANK7            50      0       0      18        0.0%
BITSFR17             0      0       0      18        0.0%
SFR17                0      0       0      18        0.0%
BANK7               50      0       0      19        0.0%
BITSFR18             0      0       0      19        0.0%
SFR18                0      0       0      19        0.0%
BITSFR19             0      0       0      20        0.0%
SFR19                0      0       0      20        0.0%
ABS                  0      0      B1      20        0.0%
BITBANK8            50      0       0      21        0.0%
BITSFR20             0      0       0      21        0.0%
SFR20                0      0       0      21        0.0%
BANK8               50      0       0      22        0.0%
BITSFR21             0      0       0      22        0.0%
SFR21                0      0       0      22        0.0%
BITBANK9            50      0       0      23        0.0%
BITSFR22             0      0       0      23        0.0%
SFR22                0      0       0      23        0.0%
BANK9               50      0       0      24        0.0%
BITSFR23             0      0       0      24        0.0%
SFR23                0      0       0      24        0.0%
BITBANK10           50      0       0      25        0.0%
BITSFR24             0      0       0      25        0.0%
SFR24                0      0       0      25        0.0%
BANK10              50      0       0      26        0.0%
BITSFR25             0      0       0      26        0.0%
SFR25                0      0       0      26        0.0%
BITBANK11           50      0       0      27        0.0%
BITSFR26             0      0       0      27        0.0%
SFR26                0      0       0      27        0.0%
BANK11              50      0       0      28        0.0%
BITSFR27             0      0       0      28        0.0%
SFR27                0      0       0      28        0.0%
BITBANK12           30      0       0      29        0.0%
BITSFR28             0      0       0      29        0.0%
SFR28                0      0       0      29        0.0%
BANK12              30      0       0      30        0.0%
BITSFR29             0      0       0      30        0.0%
SFR29                0      0       0      30        0.0%
BITSFR30             0      0       0      31        0.0%
SFR30                0      0       0      31        0.0%
DATA                 0      0      B1      31        0.0%
BITSFR31             0      0       0      32        0.0%
SFR31                0      0       0      32        0.0%


Microchip Technology PIC Macro Assembler V1.32 build 58300 
Symbol Table                                                                                   Sat Apr 11 16:25:08 2015

             __CFG_CP$ON 0000                        l3 0000                       _RD 0CA8  
                     _WR 0CA9                       _u1 0010                       _Sw 0006  
                    _GIE 005F                      _LED 0004                      _ISR 0000  
                    _WDT 0027                      _Cmd 0000                      _Sw1 000D  
                    wreg 0009                     ?_ISR 0000          __end_of_IOC_ISR 0009  
                   _CFGS 0CAE             __CFG_WDTE$ON 0000                     _FREE 0CAC  
                   _LATA 010C                     _LATB 010D                     _LATC 010E  
                   _PEIE 005E                     _LWLO 0CAD                     _WREN 0CAA  
                   _WPUB 020D                     _Buz1 0020                     _main 0000  
                   fsr0h 0005                     fsr1h 0007                     fsr0l 0004  
                   indf0 0000                     fsr1l 0006                     btemp 007E  
                   ltemp 007E                     start 0000*                    ttemp 007E  
                   wtemp 007E                    ??_ISR 0000               _DimmerIntr 0002  
                  ?_main 0000                    _T1CON 0018                    _IOCBF 0396  
                  _IOCBN 0395                    _IOCBP 0394                    _IOCIE 005B  
                  _IOCIF 0058                    i1l194 0016                    i1l963 0017  
                  i1l973 0005                    _TMR1H 0017                    _TMR1L 0016  
                  _PORTA 000C                    _PORTB 000D                    _PORTC 000E  
                  u28_25 0012                    _TRISA 008C                    _TRISB 008D  
                  _TRISC 008E            __CFG_WRT$HALF 0000                    _Light 0005  
       __end_of_TMR1_ISR 001D           __CFG_BOREN$OFF 0000                    ltemp0 007E  
                  ltemp1 0082                    ltemp2 0086                    ltemp3 0080  
                  ttemp0 007E                    ttemp1 0081                    ttemp2 0084  
                  ttemp3 0087                    ttemp4 007F                    wtemp0 007E  
                  wtemp1 0080                    wtemp2 0082                    wtemp3 0084  
                  wtemp4 0086                    wtemp5 0088                    wtemp6 007F  
        __initialization 0000             __end_of_main 0001                   ??_main 0001  
              ??_IOC_ISR 0000              _DimmerIntr1 0000                   _ADCON0 009D  
                 _ADCON1 009E                   _ADRESH 009C                   _ADRESL 009B  
                 _ANSELA 018C                   _ANSELB 018D                   _ANSELC 018E  
                 _IOCBF2 1CB2                   i1l1055 000E                   _FVRCON 0117  
                 _PMADRH 0192                   _PMADRL 0191                   _PMDATH 0194  
                 _PMDATL 0193                   _PMCON2 0196                   _OSCCON 0099  
                 _TMR1IE 0488                   _TMR1IF 0088                   _WDTCON 0097  
                 _Dimmer 0016                   _DlySw1 001B                   _Memory 0029  
                 _Timer1 0024                   _myMain 0000  __end_of__initialization 0023  
         __pcstackCOMMON 0000             __pidataBANK2 0000                ?_TMR1_ISR 0000  
             __pbssBANK0 0000               __pbssBANK1 0000          __CFG_VCAPEN$OFF 0000  
           _DimmerLights 0003               __pmaintext 0000               ??_TMR1_ISR 0000  
             __pintentry 0000                  _IOC_ISR 0000                  __ptext2 0000  
                __ptext3 0000             __size_of_ISR 001B                  _product 0008  
                clrloop0 0001     end_of_initialization 0023                  init_ram 0000  
                initloop 0001         __CFG_FOSC$INTOSC 0000        __size_of_TMR1_ISR 001D  
    start_initialization 0000              __end_of_ISR 001B                _VarErrLED 0020  
            __pdataBANK2 0000                 ?_IOC_ISR 0000              __pbssCOMMON 0000  
              ___latbits 0003            __pcstackBANK1 0000            _DimmerLights1 002C  
              clear_ram0 0000                 _GO_nDONE 04E9                 _TMR1_ISR 0000  
               _DelayOff 0001         __size_of_IOC_ISR 0009                 _SwDetect 0007  
               __product 0000       _DimmerLights_IOC_1 0000*           __size_of_main 0001  
     _DimmerLights_TMR_1 0000*     ?_DimmerLights_IOC_1 0000      ?_DimmerLights_TMR_1 0000  
               main@argc 0000                 main@argv 0002     ??_DimmerLights_IOC_1 0000  
   ??_DimmerLights_TMR_1 0000              pic14e$flags 007E                 intlevel1 0000* 
