

Microchip Technology PIC LITE Macro Assembler V1.32 build 58300 
                                                                                               Fri Oct 17 15:42:33 2014

Microchip Technology Omniscient Code Generator (Lite mode) build 58300
     1                           	processor	16F1518
     2                           	opt	pw 120
     3                           	opt	lm
     4                           	psect	maintext,global,class=CODE,merge=1,split=1,delta=2
     5                           	psect	cinit,global,class=CODE,merge=1,delta=2
     6                           	psect	cstackCOMMON,global,class=COMMON,space=1,delta=1
     7                           	dabs	1,0x7E,2
     8  000A                     
     9                           	psect	maintext
    10  07CB                     __pmaintext:	
    11                           ; #config settings
    12                           
    13                           
    14 ;;
    15 ;;Main: autosize = 0, tempsize = 1, incstack = 0, save=0
    16 ;;
    17 ;; *************** function _main *****************
    18 ;; Defined at:
    19 ;;		line 15 in file "C:/Users/taianluo/Documents/GitHub/myCcode/PIC/mySimpleCode.X/newmain.c"
    20 ;; Parameters:    Size  Location     Type
    21 ;;  argc            2    0[COMMON] int 
    22 ;;  argv            2    2[COMMON] PTR PTR unsigned char 
    23 ;; Auto vars:     Size  Location     Type
    24 ;;  x               2    8[COMMON] int 
    25 ;;  j               1   10[COMMON] unsigned char 
    26 ;;  i               1    7[COMMON] unsigned char 
    27 ;;  l               1    6[COMMON] unsigned char 
    28 ;;  k               1    5[COMMON] unsigned char 
    29 ;; Return value:  Size  Location     Type
    30 ;;                  2    0[COMMON] int 
    31 ;; Registers used:
    32 ;;		wreg, status,2
    33 ;; Tracked objects:
    34 ;;		On entry : 17F/0
    35 ;;		On exit  : 0/0
    36 ;;		Unchanged: 0/0
    37 ;; Data sizes:     COMMON   BANK0   BANK1   BANK2   BANK3   BANK4   BANK5   BANK6   BANK7   BANK8   BANK9  BANK10  BANK1
      +1  BANK12
    38 ;;      Params:         4       0       0       0       0       0       0       0       0       0       0       0       
      +0       0
    39 ;;      Locals:         6       0       0       0       0       0       0       0       0       0       0       0       
      +0       0
    40 ;;      Temps:          1       0       0       0       0       0       0       0       0       0       0       0       
      +0       0
    41 ;;      Totals:        11       0       0       0       0       0       0       0       0       0       0       0       
      +0       0
    42 ;;Total ram usage:       11 bytes
    43 ;; This function calls:
    44 ;;		Nothing
    45 ;; This function is called by:
    46 ;;		Startup code after reset
    47 ;; This function uses a non-reentrant model
    48 ;;
    49  07CB                     _main:	
    50                           
    51                           ;newmain.c: 17: unsigned char i = 0, j = 0, k = 0, l = 0;
    52                           
    53                           ;incstack = 0
    54                           ; Regs used in _main: [wreg+status,2]
    55  07CB  01F7               	clrf	main@i
    56  07CC  01FA               	clrf	main@j
    57  07CD  01F5               	clrf	main@k
    58  07CE  01F6               	clrf	main@l
    59                           
    60                           ;newmain.c: 19: for (int x = 0; x < 5; x++) {
    61  07CF  01F8               	clrf	main@x
    62  07D0  01F9               	clrf	main@x+1
    63  07D1  0879               	movf	main@x+1,w
    64  07D2  3A80               	xorlw	128
    65  07D3  00F4               	movwf	??_main
    66  07D4  3080               	movlw	128
    67  07D5  0274               	subwf	??_main,w
    68  07D6  1D03               	skipz
    69  07D7  2FDA               	goto	u15
    70  07D8  3005               	movlw	5
    71  07D9  0278               	subwf	main@x,w
    72  07DA                     u15:	
    73  07DA  1803               	btfsc	3,0
    74  07DB  2FFB               	goto	l6
    75  07DC                     l387:	
    76                           
    77                           ;newmain.c: 20: i = j == 1 ? 0 : 1;
    78  07DC  087A               	movf	main@j,w
    79  07DD  3A01               	xorlw	1
    80  07DE  3000               	movlw	0
    81  07DF  1D03               	skipz
    82  07E0  3001               	movlw	1
    83  07E1  00F4               	movwf	??_main
    84  07E2  0874               	movf	??_main,w
    85  07E3  00F7               	movwf	main@i
    86                           
    87                           ;newmain.c: 21: j = j == 1 ? 0 : 1;
    88  07E4  087A               	movf	main@j,w
    89  07E5  3A01               	xorlw	1
    90  07E6  3000               	movlw	0
    91  07E7  1D03               	skipz
    92  07E8  3001               	movlw	1
    93  07E9  00F4               	movwf	??_main
    94  07EA  0874               	movf	??_main,w
    95  07EB  00FA               	movwf	main@j
    96  07EC  3001               	movlw	1
    97  07ED  07F8               	addwf	main@x,f
    98  07EE  3000               	movlw	0
    99  07EF  3DF9               	addwfc	main@x+1,f
   100  07F0  0879               	movf	main@x+1,w
   101  07F1  3A80               	xorlw	128
   102  07F2  00F4               	movwf	??_main
   103  07F3  3080               	movlw	128
   104  07F4  0274               	subwf	??_main,w
   105  07F5  1D03               	skipz
   106  07F6  2FF9               	goto	u25
   107  07F7  3005               	movlw	5
   108  07F8  0278               	subwf	main@x,w
   109  07F9                     u25:	
   110  07F9  1C03               	skipc
   111  07FA  2FDC               	goto	l387
   112  07FB                     l6:	
   113                           ;newmain.c: 22: }
   114                           ;newmain.c: 24: while (1) {
   115                           
   116  07FB  2FFB               	goto	l6
   117  07FC                     __end_of_main:	
   118                           ;newmain.c: 26: };
   119                           ;newmain.c: 27: return (0);
   120                           ;	Return value of _main is never used
   121                           
   122  007E                     btemp	set	126	;btemp
   123  007E                     pic14e$flags	set	126
   124  007E                     wtemp	set	126
   125  007E                     wtemp0	set	126
   126  0080                     wtemp1	set	128
   127  0082                     wtemp2	set	130
   128  0084                     wtemp3	set	132
   129  0086                     wtemp4	set	134
   130  0088                     wtemp5	set	136
   131  007F                     wtemp6	set	127
   132  007E                     ttemp	set	126
   133  007E                     ttemp0	set	126
   134  0081                     ttemp1	set	129
   135  0084                     ttemp2	set	132
   136  0087                     ttemp3	set	135
   137  007F                     ttemp4	set	127
   138  007E                     ltemp	set	126
   139  007E                     ltemp0	set	126
   140  0082                     ltemp1	set	130
   141  0086                     ltemp2	set	134
   142  0080                     ltemp3	set	128
   143                           
   144                           	psect	cinit
   145  07FC                     start_initialization:	
   146                           ;psect for function _main
   147                           
   148  07FC                     __initialization:	
   149  07FC                     end_of_initialization:	
   150                           ;End of C runtime variable initialization code
   151                           
   152  07FC                     __end_of__initialization:	
   153  07FC  107E               	bcf	pic14e$flags,0	;clear compiler interrupt flag
   154  07FD  0020               	movlb	0
   155  07FE  3187  2FCB         	ljmp	_main	;jump to C main() function
   156                           
   157                           	psect	cstackCOMMON
   158  0070                     __pcstackCOMMON:	
   159  0070                     ?_main:	
   160  0070                     main@argc:	
   161                           ; 2 bytes @ 0x0
   162                           
   163                           
   164                           ; 2 bytes @ 0x0
   165  0070                     	ds	2
   166  0072                     main@argv:	
   167                           
   168                           ; 2 bytes @ 0x2
   169  0072                     	ds	2
   170  0074                     ??_main:	
   171                           
   172                           ; 0 bytes @ 0x4
   173  0074                     	ds	1
   174  0075                     main@k:	
   175                           
   176                           ; 1 bytes @ 0x5
   177  0075                     	ds	1
   178  0076                     main@l:	
   179                           
   180                           ; 1 bytes @ 0x6
   181  0076                     	ds	1
   182  0077                     main@i:	
   183                           
   184                           ; 1 bytes @ 0x7
   185  0077                     	ds	1
   186  0078                     main@x:	
   187                           
   188                           ; 2 bytes @ 0x8
   189  0078                     	ds	2
   190  007A                     main@j:	
   191                           
   192                           ; 1 bytes @ 0xA
   193  007A                     	ds	1


Data Sizes:
    Strings     0
    Constant    0
    Data        0
    BSS         0
    Persistent  0
    Stack       0

Auto Spaces:
    Space          Size  Autos    Used
    COMMON           14     11      11
    BANK0            80      0       0
    BANK1            80      0       0
    BANK2            80      0       0
    BANK3            80      0       0
    BANK4            80      0       0
    BANK5            80      0       0
    BANK6            80      0       0
    BANK7            80      0       0
    BANK8            80      0       0
    BANK9            80      0       0
    BANK10           80      0       0
    BANK11           80      0       0
    BANK12           48      0       0

Pointer List with Targets:

    None.

Critical Paths under _main in COMMON

    None.

Critical Paths under _main in BANK0

    None.

Critical Paths under _main in BANK1

    None.

Critical Paths under _main in BANK2

    None.

Critical Paths under _main in BANK3

    None.

Critical Paths under _main in BANK4

    None.

Critical Paths under _main in BANK5

    None.

Critical Paths under _main in BANK6

    None.

Critical Paths under _main in BANK7

    None.

Critical Paths under _main in BANK8

    None.

Critical Paths under _main in BANK9

    None.

Critical Paths under _main in BANK10

    None.

Critical Paths under _main in BANK11

    None.

Critical Paths under _main in BANK12

    None.

Call Graph Tables:

 ---------------------------------------------------------------------------------
 (Depth) Function   	        Calls       Base Space   Used Autos Params    Refs
 ---------------------------------------------------------------------------------
 (0) _main                                                11     7      4      60
                                              0 COMMON    11     7      4
 ---------------------------------------------------------------------------------
 Estimated maximum stack depth 0
 ---------------------------------------------------------------------------------

 Call Graph Graphs:

 _main (ROOT)

 Address spaces:
Name               Size   Autos  Total    Cost      Usage
BIGRAM             3F0      0       0       0        0.0%
NULL                 0      0       0       0        0.0%
CODE                 0      0       0       0        0.0%
BITCOMMON            E      0       0       1        0.0%
BITSFR0              0      0       0       1        0.0%
SFR0                 0      0       0       1        0.0%
COMMON               E      B       B       2       78.6%
BITSFR1              0      0       0       2        0.0%
SFR1                 0      0       0       2        0.0%
BITSFR2              0      0       0       3        0.0%
SFR2                 0      0       0       3        0.0%
STACK                0      0       0       3        0.0%
BITBANK0            50      0       0       4        0.0%
BITSFR3              0      0       0       4        0.0%
SFR3                 0      0       0       4        0.0%
BANK0               50      0       0       5        0.0%
BITSFR4              0      0       0       5        0.0%
SFR4                 0      0       0       5        0.0%
BITBANK1            50      0       0       6        0.0%
BITSFR5              0      0       0       6        0.0%
SFR5                 0      0       0       6        0.0%
BANK1               50      0       0       7        0.0%
BITSFR6              0      0       0       7        0.0%
SFR6                 0      0       0       7        0.0%
BITBANK2            50      0       0       8        0.0%
BITSFR7              0      0       0       8        0.0%
SFR7                 0      0       0       8        0.0%
BANK2               50      0       0       9        0.0%
BITSFR8              0      0       0       9        0.0%
SFR8                 0      0       0       9        0.0%
BITBANK3            50      0       0      10        0.0%
BITSFR9              0      0       0      10        0.0%
SFR9                 0      0       0      10        0.0%
BANK3               50      0       0      11        0.0%
BITSFR10             0      0       0      11        0.0%
SFR10                0      0       0      11        0.0%
BITBANK4            50      0       0      12        0.0%
BITSFR11             0      0       0      12        0.0%
SFR11                0      0       0      12        0.0%
BANK4               50      0       0      13        0.0%
BITSFR12             0      0       0      13        0.0%
SFR12                0      0       0      13        0.0%
BITBANK5            50      0       0      14        0.0%
BITSFR13             0      0       0      14        0.0%
SFR13                0      0       0      14        0.0%
BANK5               50      0       0      15        0.0%
BITSFR14             0      0       0      15        0.0%
SFR14                0      0       0      15        0.0%
BITBANK6            50      0       0      16        0.0%
BITSFR15             0      0       0      16        0.0%
SFR15                0      0       0      16        0.0%
BANK6               50      0       0      17        0.0%
BITSFR16             0      0       0      17        0.0%
SFR16                0      0       0      17        0.0%
BITBANK7            50      0       0      18        0.0%
BITSFR17             0      0       0      18        0.0%
SFR17                0      0       0      18        0.0%
BANK7               50      0       0      19        0.0%
BITSFR18             0      0       0      19        0.0%
SFR18                0      0       0      19        0.0%
BITSFR19             0      0       0      20        0.0%
SFR19                0      0       0      20        0.0%
ABS                  0      0       0      20        0.0%
BITBANK8            50      0       0      21        0.0%
BITSFR20             0      0       0      21        0.0%
SFR20                0      0       0      21        0.0%
BANK8               50      0       0      22        0.0%
BITSFR21             0      0       0      22        0.0%
SFR21                0      0       0      22        0.0%
BITBANK9            50      0       0      23        0.0%
BITSFR22             0      0       0      23        0.0%
SFR22                0      0       0      23        0.0%
BANK9               50      0       0      24        0.0%
BITSFR23             0      0       0      24        0.0%
SFR23                0      0       0      24        0.0%
BITBANK10           50      0       0      25        0.0%
BITSFR24             0      0       0      25        0.0%
SFR24                0      0       0      25        0.0%
BANK10              50      0       0      26        0.0%
BITSFR25             0      0       0      26        0.0%
SFR25                0      0       0      26        0.0%
BITBANK11           50      0       0      27        0.0%
BITSFR26             0      0       0      27        0.0%
SFR26                0      0       0      27        0.0%
BANK11              50      0       0      28        0.0%
BITSFR27             0      0       0      28        0.0%
SFR27                0      0       0      28        0.0%
BITBANK12           30      0       0      29        0.0%
BITSFR28             0      0       0      29        0.0%
SFR28                0      0       0      29        0.0%
BANK12              30      0       0      30        0.0%
BITSFR29             0      0       0      30        0.0%
SFR29                0      0       0      30        0.0%
BITSFR30             0      0       0      31        0.0%
SFR30                0      0       0      31        0.0%
DATA                 0      0       0      31        0.0%
BITSFR31             0      0       0      32        0.0%
SFR31                0      0       0      32        0.0%


Microchip Technology PIC Macro Assembler V1.32 build 58300 
Symbol Table                                                                                   Fri Oct 17 15:42:33 2014

                      l6 07FB                       u15 07DA                       u25 07F9  
                    l387 07DC                     _main 07CB                     btemp 007E  
                   ltemp 007E                     start 0002                     ttemp 007E  
                   wtemp 007E                    ?_main 0070                    main@i 0077  
                  main@j 007A                    main@k 0075                    main@l 0076  
                  main@x 0078                    ltemp0 007E                    ltemp1 0082  
                  ltemp2 0086                    ltemp3 0080                    ttemp0 007E  
                  ttemp1 0081                    ttemp2 0084                    ttemp3 0087  
                  ttemp4 007F                    wtemp0 007E                    wtemp1 0080  
                  wtemp2 0082                    wtemp3 0084                    wtemp4 0086  
                  wtemp5 0088                    wtemp6 007F          __initialization 07FC  
           __end_of_main 07FC                   ??_main 0074  __end_of__initialization 07FC  
         __pcstackCOMMON 0070               __pmaintext 07CB     end_of_initialization 07FC  
    start_initialization 07FC                ___latbits 0003            __size_of_main 0031  
               main@argc 0070                 main@argv 0072              pic14e$flags 007E  
