

Microchip Technology PIC LITE Macro Assembler V1.32 build 58300 
                                                                                               Sat Oct 04 16:46:43 2014

Microchip Technology Omniscient Code Generator (Lite mode) build 58300
     1                           	processor	16F1518
     2                           	opt	pw 120
     3                           	opt	lm
     4                           	psect	nvBANK0,global,class=BANK0,space=1,delta=1
     5                           	psect	cinit,global,class=CODE,merge=1,delta=2
     6                           	psect	bssCOMMON,global,class=COMMON,space=1,delta=1
     7                           	psect	cstackCOMMON,global,class=COMMON,space=1,delta=1
     8                           	psect	maintext,global,class=CODE,merge=1,split=1,delta=2
     9                           	dabs	1,0x7E,2
    10  000A                     
    11                           	psect	nvBANK0
    12  0020                     __pnvBANK0:	
    13  0020                     _ball:	
    14  0020                     	ds	1
    15                           
    16                           	psect	cinit
    17  07FB                     start_initialization:	
    18                           ; #config settings
    19                           
    20  07FB                     __initialization:	
    21                           
    22                           ; Clear objects allocated to COMMON
    23  07FB  01FD               	clrf	__pbssCOMMON& (0+127)
    24  07FC                     end_of_initialization:	
    25                           ;End of C runtime variable initialization code
    26                           
    27  07FC                     __end_of__initialization:	
    28  07FC  107E               	bcf	pic14e$flags,0	;clear compiler interrupt flag
    29  07FD  0020               	movlb	0
    30  07FE  3187  2FE4         	ljmp	_main	;jump to C main() function
    31                           
    32                           	psect	bssCOMMON
    33  007D                     __pbssCOMMON:	
    34  007D                     __ball:	
    35  007D                     	ds	1
    36                           
    37                           	psect	cstackCOMMON
    38  0070                     __pcstackCOMMON:	
    39  0070                     ?_main:	
    40  0070                     main@argc:	
    41                           ; 2 bytes @ 0x0
    42                           
    43                           
    44                           ; 2 bytes @ 0x0
    45  0070                     	ds	2
    46  0072                     main@argv:	
    47                           
    48                           ; 2 bytes @ 0x2
    49  0072                     	ds	2
    50  0074                     ??_main:	
    51                           
    52                           ; 0 bytes @ 0x4
    53  0074                     	ds	1
    54  0075                     main@i:	
    55                           
    56                           ; 4 bytes @ 0x5
    57  0075                     	ds	4
    58  0079                     main@j:	
    59                           
    60                           ; 4 bytes @ 0x9
    61  0079                     	ds	4
    62                           
    63                           	psect	maintext
    64  07E4                     __pmaintext:	
    65 ;;
    66 ;;Main: autosize = 0, tempsize = 1, incstack = 0, save=0
    67 ;;
    68 ;; *************** function _main *****************
    69 ;; Defined at:
    70 ;;		line 35 in file "C:/Users/taianluo/Documents/GitHub/myCcode/PIC/mySimpleCode.X/main.c"
    71 ;; Parameters:    Size  Location     Type
    72 ;;  argc            2    0[COMMON] int 
    73 ;;  argv            2    2[COMMON] PTR PTR unsigned char 
    74 ;; Auto vars:     Size  Location     Type
    75 ;;  j               4    9[COMMON] long 
    76 ;;  i               4    5[COMMON] long 
    77 ;; Return value:  Size  Location     Type
    78 ;;                  2    0[COMMON] int 
    79 ;; Registers used:
    80 ;;		wreg
    81 ;; Tracked objects:
    82 ;;		On entry : 17F/0
    83 ;;		On exit  : 0/0
    84 ;;		Unchanged: 0/0
    85 ;; Data sizes:     COMMON   BANK0   BANK1   BANK2   BANK3   BANK4   BANK5   BANK6   BANK7   BANK8   BANK9  BANK10  BANK1
      +1  BANK12
    86 ;;      Params:         4       0       0       0       0       0       0       0       0       0       0       0       
      +0       0
    87 ;;      Locals:         8       0       0       0       0       0       0       0       0       0       0       0       
      +0       0
    88 ;;      Temps:          1       0       0       0       0       0       0       0       0       0       0       0       
      +0       0
    89 ;;      Totals:        13       0       0       0       0       0       0       0       0       0       0       0       
      +0       0
    90 ;;Total ram usage:       13 bytes
    91 ;; This function calls:
    92 ;;		Nothing
    93 ;; This function is called by:
    94 ;;		Startup code after reset
    95 ;; This function uses a non-reentrant model
    96 ;;
    97                           
    98                           
    99                           ;psect for function _main
   100  07E4                     _main:	
   101                           
   102                           ;main.c: 36: long int i, j;
   103                           ;main.c: 37: ball = &_ball;
   104                           
   105                           ;incstack = 0
   106                           ; Regs used in _main: [wreg]
   107  07E4  307D               	movlw	__ball& (0+255)
   108  07E5  00F4               	movwf	??_main
   109  07E6  0874               	movf	??_main,w
   110  07E7  0020               	movlb	0	; select bank0
   111  07E8  00A0               	movwf	_ball
   112                           
   113                           ;main.c: 40: i = sizeof (j);
   114  07E9  3000               	movlw	0
   115  07EA  00F8               	movwf	main@i+3
   116  07EB  3000               	movlw	0
   117  07EC  00F7               	movwf	main@i+2
   118  07ED  3000               	movlw	0
   119  07EE  00F6               	movwf	main@i+1
   120  07EF  3004               	movlw	4
   121  07F0  00F5               	movwf	main@i
   122                           
   123                           ;main.c: 41: j = 255;
   124  07F1  3000               	movlw	0
   125  07F2  00FC               	movwf	main@j+3
   126  07F3  3000               	movlw	0
   127  07F4  00FB               	movwf	main@j+2
   128  07F5  3000               	movlw	0
   129  07F6  00FA               	movwf	main@j+1
   130  07F7  30FF               	movlw	255
   131  07F8  00F9               	movwf	main@j
   132                           
   133                           ;main.c: 44: return (0);
   134                           ;	Return value of _main is never used
   135  07F9  3180  2802         	ljmp	start
   136  07FB                     __end_of_main:	
   137  007E                     btemp	set	126	;btemp
   138  007E                     pic14e$flags	set	126
   139  007E                     wtemp	set	126
   140  007E                     wtemp0	set	126
   141  0080                     wtemp1	set	128
   142  0082                     wtemp2	set	130
   143  0084                     wtemp3	set	132
   144  0086                     wtemp4	set	134
   145  0088                     wtemp5	set	136
   146  007F                     wtemp6	set	127
   147  007E                     ttemp	set	126
   148  007E                     ttemp0	set	126
   149  0081                     ttemp1	set	129
   150  0084                     ttemp2	set	132
   151  0087                     ttemp3	set	135
   152  007F                     ttemp4	set	127
   153  007E                     ltemp	set	126
   154  007E                     ltemp0	set	126
   155  0082                     ltemp1	set	130
   156  0086                     ltemp2	set	134
   157  0080                     ltemp3	set	128


Data Sizes:
    Strings     0
    Constant    0
    Data        0
    BSS         1
    Persistent  1
    Stack       0

Auto Spaces:
    Space          Size  Autos    Used
    COMMON           14     13      14
    BANK0            80      0       1
    BANK1            80      0       0
    BANK2            80      0       0
    BANK3            80      0       0
    BANK4            80      0       0
    BANK5            80      0       0
    BANK6            80      0       0
    BANK7            80      0       0
    BANK8            80      0       0
    BANK9            80      0       0
    BANK10           80      0       0
    BANK11           80      0       0
    BANK12           48      0       0

Pointer List with Targets:

    ball	PTR struct Ball size(1) Largest target is 1
		 -> NULL(NULL[0]), _ball(COMMON[1]), 


Critical Paths under _main in COMMON

    None.

Critical Paths under _main in BANK0

    None.

Critical Paths under _main in BANK1

    None.

Critical Paths under _main in BANK2

    None.

Critical Paths under _main in BANK3

    None.

Critical Paths under _main in BANK4

    None.

Critical Paths under _main in BANK5

    None.

Critical Paths under _main in BANK6

    None.

Critical Paths under _main in BANK7

    None.

Critical Paths under _main in BANK8

    None.

Critical Paths under _main in BANK9

    None.

Critical Paths under _main in BANK10

    None.

Critical Paths under _main in BANK11

    None.

Critical Paths under _main in BANK12

    None.

Call Graph Tables:

 ---------------------------------------------------------------------------------
 (Depth) Function   	        Calls       Base Space   Used Autos Params    Refs
 ---------------------------------------------------------------------------------
 (0) _main                                                13     9      4       2
                                              0 COMMON    13     9      4
 ---------------------------------------------------------------------------------
 Estimated maximum stack depth 0
 ---------------------------------------------------------------------------------

 Call Graph Graphs:

 _main (ROOT)

 Address spaces:
Name               Size   Autos  Total    Cost      Usage
BIGRAM             3F0      0       0       0        0.0%
NULL                 0      0       0       0        0.0%
CODE                 0      0       0       0        0.0%
BITCOMMON            E      0       0       1        0.0%
BITSFR0              0      0       0       1        0.0%
SFR0                 0      0       0       1        0.0%
COMMON               E      D       E       2      100.0%
BITSFR1              0      0       0       2        0.0%
SFR1                 0      0       0       2        0.0%
BITSFR2              0      0       0       3        0.0%
SFR2                 0      0       0       3        0.0%
STACK                0      0       0       3        0.0%
BITBANK0            50      0       0       4        0.0%
BITSFR3              0      0       0       4        0.0%
SFR3                 0      0       0       4        0.0%
BANK0               50      0       1       5        1.3%
BITSFR4              0      0       0       5        0.0%
SFR4                 0      0       0       5        0.0%
BITBANK1            50      0       0       6        0.0%
BITSFR5              0      0       0       6        0.0%
SFR5                 0      0       0       6        0.0%
BANK1               50      0       0       7        0.0%
BITSFR6              0      0       0       7        0.0%
SFR6                 0      0       0       7        0.0%
BITBANK2            50      0       0       8        0.0%
BITSFR7              0      0       0       8        0.0%
SFR7                 0      0       0       8        0.0%
BANK2               50      0       0       9        0.0%
BITSFR8              0      0       0       9        0.0%
SFR8                 0      0       0       9        0.0%
BITBANK3            50      0       0      10        0.0%
BITSFR9              0      0       0      10        0.0%
SFR9                 0      0       0      10        0.0%
BANK3               50      0       0      11        0.0%
BITSFR10             0      0       0      11        0.0%
SFR10                0      0       0      11        0.0%
BITBANK4            50      0       0      12        0.0%
BITSFR11             0      0       0      12        0.0%
SFR11                0      0       0      12        0.0%
BANK4               50      0       0      13        0.0%
BITSFR12             0      0       0      13        0.0%
SFR12                0      0       0      13        0.0%
BITBANK5            50      0       0      14        0.0%
BITSFR13             0      0       0      14        0.0%
SFR13                0      0       0      14        0.0%
BANK5               50      0       0      15        0.0%
BITSFR14             0      0       0      15        0.0%
SFR14                0      0       0      15        0.0%
BITBANK6            50      0       0      16        0.0%
BITSFR15             0      0       0      16        0.0%
SFR15                0      0       0      16        0.0%
BANK6               50      0       0      17        0.0%
BITSFR16             0      0       0      17        0.0%
SFR16                0      0       0      17        0.0%
BITBANK7            50      0       0      18        0.0%
BITSFR17             0      0       0      18        0.0%
SFR17                0      0       0      18        0.0%
BANK7               50      0       0      19        0.0%
BITSFR18             0      0       0      19        0.0%
SFR18                0      0       0      19        0.0%
BITSFR19             0      0       0      20        0.0%
SFR19                0      0       0      20        0.0%
ABS                  0      0       F      20        0.0%
BITBANK8            50      0       0      21        0.0%
BITSFR20             0      0       0      21        0.0%
SFR20                0      0       0      21        0.0%
BANK8               50      0       0      22        0.0%
BITSFR21             0      0       0      22        0.0%
SFR21                0      0       0      22        0.0%
BITBANK9            50      0       0      23        0.0%
BITSFR22             0      0       0      23        0.0%
SFR22                0      0       0      23        0.0%
BANK9               50      0       0      24        0.0%
BITSFR23             0      0       0      24        0.0%
SFR23                0      0       0      24        0.0%
BITBANK10           50      0       0      25        0.0%
BITSFR24             0      0       0      25        0.0%
SFR24                0      0       0      25        0.0%
BANK10              50      0       0      26        0.0%
BITSFR25             0      0       0      26        0.0%
SFR25                0      0       0      26        0.0%
BITBANK11           50      0       0      27        0.0%
BITSFR26             0      0       0      27        0.0%
SFR26                0      0       0      27        0.0%
BANK11              50      0       0      28        0.0%
BITSFR27             0      0       0      28        0.0%
SFR27                0      0       0      28        0.0%
BITBANK12           30      0       0      29        0.0%
BITSFR28             0      0       0      29        0.0%
SFR28                0      0       0      29        0.0%
BANK12              30      0       0      30        0.0%
BITSFR29             0      0       0      30        0.0%
SFR29                0      0       0      30        0.0%
BITSFR30             0      0       0      31        0.0%
SFR30                0      0       0      31        0.0%
DATA                 0      0       F      31        0.0%
BITSFR31             0      0       0      32        0.0%
SFR31                0      0       0      32        0.0%


Microchip Technology PIC Macro Assembler V1.32 build 58300 
Symbol Table                                                                                   Sat Oct 04 16:46:43 2014

                   _ball 0020                     _main 07E4                     btemp 007E  
                   ltemp 007E                     start 0002                     ttemp 007E  
                   wtemp 007E                    ?_main 0070                    __ball 007D  
                  main@i 0075                    main@j 0079                    ltemp0 007E  
                  ltemp1 0082                    ltemp2 0086                    ltemp3 0080  
                  ttemp0 007E                    ttemp1 0081                    ttemp2 0084  
                  ttemp3 0087                    ttemp4 007F                    wtemp0 007E  
                  wtemp1 0080                    wtemp2 0082                    wtemp3 0084  
                  wtemp4 0086                    wtemp5 0088                    wtemp6 007F  
        __initialization 07FB             __end_of_main 07FB                   ??_main 0074  
__end_of__initialization 07FC           __pcstackCOMMON 0070               __pmaintext 07E4  
   end_of_initialization 07FC      start_initialization 07FB              __pbssCOMMON 007D  
              ___latbits 0003                __pnvBANK0 0020            __size_of_main 0017  
               main@argc 0070                 main@argv 0072              pic14e$flags 007E  
