

Microchip Technology PIC LITE Macro Assembler V1.32 build 58300 
                                                                                               Sat Oct 04 16:37:16 2014

Microchip Technology Omniscient Code Generator (Lite mode) build 58300
     1                           	processor	16F1518
     2                           	opt	pw 120
     3                           	opt	lm
     4                           	psect	maintext,global,class=CODE,merge=1,split=1,delta=2
     5                           	psect	cinit,global,class=CODE,merge=1,delta=2
     6                           	psect	bssCOMMON,global,class=COMMON,space=1,delta=1
     7                           	psect	cstackCOMMON,global,class=COMMON,space=1,delta=1
     8                           	dabs	1,0x7E,2
     9  000A                     
    10                           	psect	maintext
    11  07E3                     __pmaintext:	
    12                           ; #config settings
    13                           
    14                           
    15 ;;
    16 ;;Main: autosize = 0, tempsize = 0, incstack = 0, save=0
    17 ;;
    18 ;; *************** function _main *****************
    19 ;; Defined at:
    20 ;;		line 27 in file "C:/Users/taianluo/Documents/GitHub/myCcode/PIC/mySimpleCode.X/main.c"
    21 ;; Parameters:    Size  Location     Type
    22 ;;  argc            2    0[COMMON] int 
    23 ;;  argv            2    2[COMMON] PTR PTR unsigned char 
    24 ;; Auto vars:     Size  Location     Type
    25 ;;  j               4    8[COMMON] long 
    26 ;;  i               4    4[COMMON] long 
    27 ;;  ball            1   12[COMMON] struct Ball
    28 ;; Return value:  Size  Location     Type
    29 ;;                  2    0[COMMON] int 
    30 ;; Registers used:
    31 ;;		wreg, fsr1l, fsr1h
    32 ;; Tracked objects:
    33 ;;		On entry : 17F/0
    34 ;;		On exit  : 0/0
    35 ;;		Unchanged: 0/0
    36 ;; Data sizes:     COMMON   BANK0   BANK1   BANK2   BANK3   BANK4   BANK5   BANK6   BANK7   BANK8   BANK9  BANK10  BANK1
      +1  BANK12
    37 ;;      Params:         4       0       0       0       0       0       0       0       0       0       0       0       
      +0       0
    38 ;;      Locals:         9       0       0       0       0       0       0       0       0       0       0       0       
      +0       0
    39 ;;      Temps:          0       0       0       0       0       0       0       0       0       0       0       0       
      +0       0
    40 ;;      Totals:        13       0       0       0       0       0       0       0       0       0       0       0       
      +0       0
    41 ;;Total ram usage:       13 bytes
    42 ;; This function calls:
    43 ;;		Nothing
    44 ;; This function is called by:
    45 ;;		Startup code after reset
    46 ;; This function uses a non-reentrant model
    47 ;;
    48  07E3                     _main:	
    49                           
    50                           ;main.c: 28: long int i, j;
    51                           ;main.c: 29: Ball ball;
    52                           ;main.c: 30: ball.testIE = 1;
    53                           
    54                           ;incstack = 0
    55                           ; Regs used in _main: [wregfsr1]
    56  07E3  147C               	bsf	main@ball,0
    57                           
    58                           ;main.c: 31: ball.testIF = 1;
    59  07E4  14FC               	bsf	main@ball,1
    60                           
    61                           ;main.c: 32: i = sizeof (j);
    62  07E5  3000               	movlw	0
    63  07E6  00F7               	movwf	main@i+3
    64  07E7  3000               	movlw	0
    65  07E8  00F6               	movwf	main@i+2
    66  07E9  3000               	movlw	0
    67  07EA  00F5               	movwf	main@i+1
    68  07EB  3004               	movlw	4
    69  07EC  00F4               	movwf	main@i
    70                           
    71                           ;main.c: 33: j = 255;
    72  07ED  3000               	movlw	0
    73  07EE  00FB               	movwf	main@j+3
    74  07EF  3000               	movlw	0
    75  07F0  00FA               	movwf	main@j+2
    76  07F1  3000               	movlw	0
    77  07F2  00F9               	movwf	main@j+1
    78  07F3  30FF               	movlw	255
    79  07F4  00F8               	movwf	main@j
    80                           
    81                           ;main.c: 34: Cball->testIE=0;
    82  07F5  087D               	movf	_Cball,w
    83  07F6  0086               	movwf	6
    84  07F7  0187               	clrf	7
    85  07F8  1001               	bcf	1,0
    86                           
    87                           ;main.c: 36: return (0);
    88                           ;	Return value of _main is never used
    89  07F9  3180  2802         	ljmp	start
    90  07FB                     __end_of_main:	
    91  007E                     btemp	set	126	;btemp
    92  007E                     pic14e$flags	set	126
    93  007E                     wtemp	set	126
    94  007E                     wtemp0	set	126
    95  0080                     wtemp1	set	128
    96  0082                     wtemp2	set	130
    97  0084                     wtemp3	set	132
    98  0086                     wtemp4	set	134
    99  0088                     wtemp5	set	136
   100  007F                     wtemp6	set	127
   101  007E                     ttemp	set	126
   102  007E                     ttemp0	set	126
   103  0081                     ttemp1	set	129
   104  0084                     ttemp2	set	132
   105  0087                     ttemp3	set	135
   106  007F                     ttemp4	set	127
   107  007E                     ltemp	set	126
   108  007E                     ltemp0	set	126
   109  0082                     ltemp1	set	130
   110  0086                     ltemp2	set	134
   111  0080                     ltemp3	set	128
   112                           
   113                           	psect	cinit
   114  07FB                     start_initialization:	
   115                           ;psect for function _main
   116                           
   117  07FB                     __initialization:	
   118                           
   119                           ; Clear objects allocated to COMMON
   120  07FB  01FD               	clrf	__pbssCOMMON& (0+127)
   121  07FC                     end_of_initialization:	
   122                           ;End of C runtime variable initialization code
   123                           
   124  07FC                     __end_of__initialization:	
   125  07FC  107E               	bcf	pic14e$flags,0	;clear compiler interrupt flag
   126  07FD  0020               	movlb	0
   127  07FE  3187  2FE3         	ljmp	_main	;jump to C main() function
   128                           
   129                           	psect	bssCOMMON
   130  007D                     __pbssCOMMON:	
   131  007D                     _Cball:	
   132  007D                     	ds	1
   133                           
   134                           	psect	cstackCOMMON
   135  0070                     __pcstackCOMMON:	
   136  0070                     ?_main:	
   137  0070                     main@argc:	
   138                           ; 2 bytes @ 0x0
   139                           
   140                           
   141                           ; 2 bytes @ 0x0
   142  0070                     	ds	2
   143  0072                     main@argv:	
   144                           
   145                           ; 2 bytes @ 0x2
   146  0072                     	ds	2
   147  0074                     ??_main:	
   148  0074                     main@i:	
   149                           ; 0 bytes @ 0x4
   150                           
   151                           
   152                           ; 4 bytes @ 0x4
   153  0074                     	ds	4
   154  0078                     main@j:	
   155                           
   156                           ; 4 bytes @ 0x8
   157  0078                     	ds	4
   158  007C                     main@ball:	
   159                           
   160                           ; 1 bytes @ 0xC
   161  007C                     	ds	1


Data Sizes:
    Strings     0
    Constant    0
    Data        0
    BSS         1
    Persistent  0
    Stack       0

Auto Spaces:
    Space          Size  Autos    Used
    COMMON           14     13      14
    BANK0            80      0       0
    BANK1            80      0       0
    BANK2            80      0       0
    BANK3            80      0       0
    BANK4            80      0       0
    BANK5            80      0       0
    BANK6            80      0       0
    BANK7            80      0       0
    BANK8            80      0       0
    BANK9            80      0       0
    BANK10           80      0       0
    BANK11           80      0       0
    BANK12           48      0       0

Pointer List with Targets:

    Cball	PTR struct Ball size(1) Largest target is 0
		 -> NULL(NULL[0]), 


Critical Paths under _main in COMMON

    None.

Critical Paths under _main in BANK0

    None.

Critical Paths under _main in BANK1

    None.

Critical Paths under _main in BANK2

    None.

Critical Paths under _main in BANK3

    None.

Critical Paths under _main in BANK4

    None.

Critical Paths under _main in BANK5

    None.

Critical Paths under _main in BANK6

    None.

Critical Paths under _main in BANK7

    None.

Critical Paths under _main in BANK8

    None.

Critical Paths under _main in BANK9

    None.

Critical Paths under _main in BANK10

    None.

Critical Paths under _main in BANK11

    None.

Critical Paths under _main in BANK12

    None.

Call Graph Tables:

 ---------------------------------------------------------------------------------
 (Depth) Function   	        Calls       Base Space   Used Autos Params    Refs
 ---------------------------------------------------------------------------------
 (0) _main                                                13     9      4       0
                                              0 COMMON    13     9      4
 ---------------------------------------------------------------------------------
 Estimated maximum stack depth 0
 ---------------------------------------------------------------------------------

 Call Graph Graphs:

 _main (ROOT)

 Address spaces:
Name               Size   Autos  Total    Cost      Usage
BIGRAM             3F0      0       0       0        0.0%
NULL                 0      0       0       0        0.0%
CODE                 0      0       0       0        0.0%
BITCOMMON            E      0       0       1        0.0%
BITSFR0              0      0       0       1        0.0%
SFR0                 0      0       0       1        0.0%
COMMON               E      D       E       2      100.0%
BITSFR1              0      0       0       2        0.0%
SFR1                 0      0       0       2        0.0%
BITSFR2              0      0       0       3        0.0%
SFR2                 0      0       0       3        0.0%
STACK                0      0       0       3        0.0%
BITBANK0            50      0       0       4        0.0%
BITSFR3              0      0       0       4        0.0%
SFR3                 0      0       0       4        0.0%
BANK0               50      0       0       5        0.0%
BITSFR4              0      0       0       5        0.0%
SFR4                 0      0       0       5        0.0%
BITBANK1            50      0       0       6        0.0%
BITSFR5              0      0       0       6        0.0%
SFR5                 0      0       0       6        0.0%
BANK1               50      0       0       7        0.0%
BITSFR6              0      0       0       7        0.0%
SFR6                 0      0       0       7        0.0%
BITBANK2            50      0       0       8        0.0%
BITSFR7              0      0       0       8        0.0%
SFR7                 0      0       0       8        0.0%
BANK2               50      0       0       9        0.0%
BITSFR8              0      0       0       9        0.0%
SFR8                 0      0       0       9        0.0%
BITBANK3            50      0       0      10        0.0%
BITSFR9              0      0       0      10        0.0%
SFR9                 0      0       0      10        0.0%
BANK3               50      0       0      11        0.0%
BITSFR10             0      0       0      11        0.0%
SFR10                0      0       0      11        0.0%
BITBANK4            50      0       0      12        0.0%
BITSFR11             0      0       0      12        0.0%
SFR11                0      0       0      12        0.0%
BANK4               50      0       0      13        0.0%
BITSFR12             0      0       0      13        0.0%
SFR12                0      0       0      13        0.0%
BITBANK5            50      0       0      14        0.0%
BITSFR13             0      0       0      14        0.0%
SFR13                0      0       0      14        0.0%
BANK5               50      0       0      15        0.0%
BITSFR14             0      0       0      15        0.0%
SFR14                0      0       0      15        0.0%
BITBANK6            50      0       0      16        0.0%
BITSFR15             0      0       0      16        0.0%
SFR15                0      0       0      16        0.0%
BANK6               50      0       0      17        0.0%
BITSFR16             0      0       0      17        0.0%
SFR16                0      0       0      17        0.0%
BITBANK7            50      0       0      18        0.0%
BITSFR17             0      0       0      18        0.0%
SFR17                0      0       0      18        0.0%
BANK7               50      0       0      19        0.0%
BITSFR18             0      0       0      19        0.0%
SFR18                0      0       0      19        0.0%
BITSFR19             0      0       0      20        0.0%
SFR19                0      0       0      20        0.0%
ABS                  0      0       E      20        0.0%
BITBANK8            50      0       0      21        0.0%
BITSFR20             0      0       0      21        0.0%
SFR20                0      0       0      21        0.0%
BANK8               50      0       0      22        0.0%
BITSFR21             0      0       0      22        0.0%
SFR21                0      0       0      22        0.0%
BITBANK9            50      0       0      23        0.0%
BITSFR22             0      0       0      23        0.0%
SFR22                0      0       0      23        0.0%
BANK9               50      0       0      24        0.0%
BITSFR23             0      0       0      24        0.0%
SFR23                0      0       0      24        0.0%
BITBANK10           50      0       0      25        0.0%
BITSFR24             0      0       0      25        0.0%
SFR24                0      0       0      25        0.0%
BANK10              50      0       0      26        0.0%
BITSFR25             0      0       0      26        0.0%
SFR25                0      0       0      26        0.0%
BITBANK11           50      0       0      27        0.0%
BITSFR26             0      0       0      27        0.0%
SFR26                0      0       0      27        0.0%
BANK11              50      0       0      28        0.0%
BITSFR27             0      0       0      28        0.0%
SFR27                0      0       0      28        0.0%
BITBANK12           30      0       0      29        0.0%
BITSFR28             0      0       0      29        0.0%
SFR28                0      0       0      29        0.0%
BANK12              30      0       0      30        0.0%
BITSFR29             0      0       0      30        0.0%
SFR29                0      0       0      30        0.0%
BITSFR30             0      0       0      31        0.0%
SFR30                0      0       0      31        0.0%
DATA                 0      0       E      31        0.0%
BITSFR31             0      0       0      32        0.0%
SFR31                0      0       0      32        0.0%


Microchip Technology PIC Macro Assembler V1.32 build 58300 
Symbol Table                                                                                   Sat Oct 04 16:37:16 2014

                   _main 07E3                     fsr1h 0007                     indf1 0001  
                   fsr1l 0006                     btemp 007E                     ltemp 007E  
                   start 0002                     ttemp 007E                     wtemp 007E  
                  ?_main 0070                    _Cball 007D                    main@i 0074  
                  main@j 0078                    ltemp0 007E                    ltemp1 0082  
                  ltemp2 0086                    ltemp3 0080                    ttemp0 007E  
                  ttemp1 0081                    ttemp2 0084                    ttemp3 0087  
                  ttemp4 007F                    wtemp0 007E                    wtemp1 0080  
                  wtemp2 0082                    wtemp3 0084                    wtemp4 0086  
                  wtemp5 0088                    wtemp6 007F          __initialization 07FB  
           __end_of_main 07FB                   ??_main 0074  __end_of__initialization 07FC  
         __pcstackCOMMON 0070               __pmaintext 07E3     end_of_initialization 07FC  
    start_initialization 07FB              __pbssCOMMON 007D                ___latbits 0003  
          __size_of_main 0018                 main@ball 007C                 main@argc 0070  
               main@argv 0072              pic14e$flags 007E  
