

Microchip Technology PIC LITE Macro Assembler V1.32 build 58300 
                                                                                               Fri Oct 17 15:09:44 2014

Microchip Technology Omniscient Code Generator (Lite mode) build 58300
     1                           	processor	16F1518
     2                           	opt	pw 120
     3                           	opt	lm
     4                           	psect	maintext,global,class=CODE,merge=1,split=1,delta=2
     5                           	psect	cinit,global,class=CODE,merge=1,delta=2
     6                           	psect	cstackCOMMON,global,class=COMMON,space=1,delta=1
     7                           	dabs	1,0x7E,2
     8  000A                     
     9                           	psect	maintext
    10  07F6                     __pmaintext:	
    11                           ; #config settings
    12                           
    13                           
    14 ;;
    15 ;;Main: autosize = 0, tempsize = 1, incstack = 0, save=0
    16 ;;
    17 ;; *************** function _main *****************
    18 ;; Defined at:
    19 ;;		line 14 in file "C:/Users/taianluo/Documents/GitHub/myCcode/PIC/mySimpleCode.X/newmain.c"
    20 ;; Parameters:    Size  Location     Type
    21 ;;  argc            2    0[COMMON] int 
    22 ;;  argv            2    2[COMMON] PTR PTR unsigned char 
    23 ;; Auto vars:     Size  Location     Type
    24 ;;  i               1    5[COMMON] unsigned char 
    25 ;; Return value:  Size  Location     Type
    26 ;;                  2    0[COMMON] int 
    27 ;; Registers used:
    28 ;;		wreg, status,2
    29 ;; Tracked objects:
    30 ;;		On entry : 17F/0
    31 ;;		On exit  : 0/0
    32 ;;		Unchanged: 0/0
    33 ;; Data sizes:     COMMON   BANK0   BANK1   BANK2   BANK3   BANK4   BANK5   BANK6   BANK7   BANK8   BANK9  BANK10  BANK1
      +1  BANK12
    34 ;;      Params:         4       0       0       0       0       0       0       0       0       0       0       0       
      +0       0
    35 ;;      Locals:         1       0       0       0       0       0       0       0       0       0       0       0       
      +0       0
    36 ;;      Temps:          1       0       0       0       0       0       0       0       0       0       0       0       
      +0       0
    37 ;;      Totals:         6       0       0       0       0       0       0       0       0       0       0       0       
      +0       0
    38 ;;Total ram usage:        6 bytes
    39 ;; This function calls:
    40 ;;		Nothing
    41 ;; This function is called by:
    42 ;;		Startup code after reset
    43 ;; This function uses a non-reentrant model
    44 ;;
    45  07F6                     _main:	
    46  07F6                     l3:	
    47                           ;incstack = 0
    48                           ; Regs used in _main: [wreg+status,2]
    49                           ;newmain.c: 16: unsigned char i;
    50                           ;newmain.c: 17: while (1) {
    51                           
    52                           
    53                           ;newmain.c: 18: i=~i & 0x01;
    54  07F6  0975               	comf	main@i,w
    55  07F7  3901               	andlw	1
    56  07F8  00F4               	movwf	??_main
    57  07F9  0874               	movf	??_main,w
    58  07FA  00F5               	movwf	main@i
    59  07FB  2FF6               	goto	l3
    60  07FC                     __end_of_main:	
    61                           ;newmain.c: 19: }
    62                           ;newmain.c: 21: return (0);
    63                           ;	Return value of _main is never used
    64                           
    65  007E                     btemp	set	126	;btemp
    66  007E                     pic14e$flags	set	126
    67  007E                     wtemp	set	126
    68  007E                     wtemp0	set	126
    69  0080                     wtemp1	set	128
    70  0082                     wtemp2	set	130
    71  0084                     wtemp3	set	132
    72  0086                     wtemp4	set	134
    73  0088                     wtemp5	set	136
    74  007F                     wtemp6	set	127
    75  007E                     ttemp	set	126
    76  007E                     ttemp0	set	126
    77  0081                     ttemp1	set	129
    78  0084                     ttemp2	set	132
    79  0087                     ttemp3	set	135
    80  007F                     ttemp4	set	127
    81  007E                     ltemp	set	126
    82  007E                     ltemp0	set	126
    83  0082                     ltemp1	set	130
    84  0086                     ltemp2	set	134
    85  0080                     ltemp3	set	128
    86                           
    87                           	psect	cinit
    88  07FC                     start_initialization:	
    89                           ;psect for function _main
    90                           
    91  07FC                     __initialization:	
    92  07FC                     end_of_initialization:	
    93                           ;End of C runtime variable initialization code
    94                           
    95  07FC                     __end_of__initialization:	
    96  07FC  107E               	bcf	pic14e$flags,0	;clear compiler interrupt flag
    97  07FD  0020               	movlb	0
    98  07FE  3187  2FF6         	ljmp	_main	;jump to C main() function
    99                           
   100                           	psect	cstackCOMMON
   101  0070                     __pcstackCOMMON:	
   102  0070                     ?_main:	
   103  0070                     main@argc:	
   104                           ; 2 bytes @ 0x0
   105                           
   106                           
   107                           ; 2 bytes @ 0x0
   108  0070                     	ds	2
   109  0072                     main@argv:	
   110                           
   111                           ; 2 bytes @ 0x2
   112  0072                     	ds	2
   113  0074                     ??_main:	
   114                           
   115                           ; 0 bytes @ 0x4
   116  0074                     	ds	1
   117  0075                     main@i:	
   118                           
   119                           ; 1 bytes @ 0x5
   120  0075                     	ds	1


Data Sizes:
    Strings     0
    Constant    0
    Data        0
    BSS         0
    Persistent  0
    Stack       0

Auto Spaces:
    Space          Size  Autos    Used
    COMMON           14      6       6
    BANK0            80      0       0
    BANK1            80      0       0
    BANK2            80      0       0
    BANK3            80      0       0
    BANK4            80      0       0
    BANK5            80      0       0
    BANK6            80      0       0
    BANK7            80      0       0
    BANK8            80      0       0
    BANK9            80      0       0
    BANK10           80      0       0
    BANK11           80      0       0
    BANK12           48      0       0

Pointer List with Targets:

    None.

Critical Paths under _main in COMMON

    None.

Critical Paths under _main in BANK0

    None.

Critical Paths under _main in BANK1

    None.

Critical Paths under _main in BANK2

    None.

Critical Paths under _main in BANK3

    None.

Critical Paths under _main in BANK4

    None.

Critical Paths under _main in BANK5

    None.

Critical Paths under _main in BANK6

    None.

Critical Paths under _main in BANK7

    None.

Critical Paths under _main in BANK8

    None.

Critical Paths under _main in BANK9

    None.

Critical Paths under _main in BANK10

    None.

Critical Paths under _main in BANK11

    None.

Critical Paths under _main in BANK12

    None.

Call Graph Tables:

 ---------------------------------------------------------------------------------
 (Depth) Function   	        Calls       Base Space   Used Autos Params    Refs
 ---------------------------------------------------------------------------------
 (0) _main                                                 6     2      4      15
                                              0 COMMON     6     2      4
 ---------------------------------------------------------------------------------
 Estimated maximum stack depth 0
 ---------------------------------------------------------------------------------

 Call Graph Graphs:

 _main (ROOT)

 Address spaces:
Name               Size   Autos  Total    Cost      Usage
BIGRAM             3F0      0       0       0        0.0%
NULL                 0      0       0       0        0.0%
CODE                 0      0       0       0        0.0%
BITCOMMON            E      0       0       1        0.0%
BITSFR0              0      0       0       1        0.0%
SFR0                 0      0       0       1        0.0%
COMMON               E      6       6       2       42.9%
BITSFR1              0      0       0       2        0.0%
SFR1                 0      0       0       2        0.0%
BITSFR2              0      0       0       3        0.0%
SFR2                 0      0       0       3        0.0%
STACK                0      0       0       3        0.0%
BITBANK0            50      0       0       4        0.0%
BITSFR3              0      0       0       4        0.0%
SFR3                 0      0       0       4        0.0%
BANK0               50      0       0       5        0.0%
BITSFR4              0      0       0       5        0.0%
SFR4                 0      0       0       5        0.0%
BITBANK1            50      0       0       6        0.0%
BITSFR5              0      0       0       6        0.0%
SFR5                 0      0       0       6        0.0%
BANK1               50      0       0       7        0.0%
BITSFR6              0      0       0       7        0.0%
SFR6                 0      0       0       7        0.0%
BITBANK2            50      0       0       8        0.0%
BITSFR7              0      0       0       8        0.0%
SFR7                 0      0       0       8        0.0%
BANK2               50      0       0       9        0.0%
BITSFR8              0      0       0       9        0.0%
SFR8                 0      0       0       9        0.0%
BITBANK3            50      0       0      10        0.0%
BITSFR9              0      0       0      10        0.0%
SFR9                 0      0       0      10        0.0%
BANK3               50      0       0      11        0.0%
BITSFR10             0      0       0      11        0.0%
SFR10                0      0       0      11        0.0%
BITBANK4            50      0       0      12        0.0%
BITSFR11             0      0       0      12        0.0%
SFR11                0      0       0      12        0.0%
BANK4               50      0       0      13        0.0%
BITSFR12             0      0       0      13        0.0%
SFR12                0      0       0      13        0.0%
BITBANK5            50      0       0      14        0.0%
BITSFR13             0      0       0      14        0.0%
SFR13                0      0       0      14        0.0%
BANK5               50      0       0      15        0.0%
BITSFR14             0      0       0      15        0.0%
SFR14                0      0       0      15        0.0%
BITBANK6            50      0       0      16        0.0%
BITSFR15             0      0       0      16        0.0%
SFR15                0      0       0      16        0.0%
BANK6               50      0       0      17        0.0%
BITSFR16             0      0       0      17        0.0%
SFR16                0      0       0      17        0.0%
BITBANK7            50      0       0      18        0.0%
BITSFR17             0      0       0      18        0.0%
SFR17                0      0       0      18        0.0%
BANK7               50      0       0      19        0.0%
BITSFR18             0      0       0      19        0.0%
SFR18                0      0       0      19        0.0%
BITSFR19             0      0       0      20        0.0%
SFR19                0      0       0      20        0.0%
ABS                  0      0       0      20        0.0%
BITBANK8            50      0       0      21        0.0%
BITSFR20             0      0       0      21        0.0%
SFR20                0      0       0      21        0.0%
BANK8               50      0       0      22        0.0%
BITSFR21             0      0       0      22        0.0%
SFR21                0      0       0      22        0.0%
BITBANK9            50      0       0      23        0.0%
BITSFR22             0      0       0      23        0.0%
SFR22                0      0       0      23        0.0%
BANK9               50      0       0      24        0.0%
BITSFR23             0      0       0      24        0.0%
SFR23                0      0       0      24        0.0%
BITBANK10           50      0       0      25        0.0%
BITSFR24             0      0       0      25        0.0%
SFR24                0      0       0      25        0.0%
BANK10              50      0       0      26        0.0%
BITSFR25             0      0       0      26        0.0%
SFR25                0      0       0      26        0.0%
BITBANK11           50      0       0      27        0.0%
BITSFR26             0      0       0      27        0.0%
SFR26                0      0       0      27        0.0%
BANK11              50      0       0      28        0.0%
BITSFR27             0      0       0      28        0.0%
SFR27                0      0       0      28        0.0%
BITBANK12           30      0       0      29        0.0%
BITSFR28             0      0       0      29        0.0%
SFR28                0      0       0      29        0.0%
BANK12              30      0       0      30        0.0%
BITSFR29             0      0       0      30        0.0%
SFR29                0      0       0      30        0.0%
BITSFR30             0      0       0      31        0.0%
SFR30                0      0       0      31        0.0%
DATA                 0      0       0      31        0.0%
BITSFR31             0      0       0      32        0.0%
SFR31                0      0       0      32        0.0%


Microchip Technology PIC Macro Assembler V1.32 build 58300 
Symbol Table                                                                                   Fri Oct 17 15:09:44 2014

                      l3 07F6                     _main 07F6                     btemp 007E  
                   ltemp 007E                     start 0002                     ttemp 007E  
                   wtemp 007E                    ?_main 0070                    main@i 0075  
                  ltemp0 007E                    ltemp1 0082                    ltemp2 0086  
                  ltemp3 0080                    ttemp0 007E                    ttemp1 0081  
                  ttemp2 0084                    ttemp3 0087                    ttemp4 007F  
                  wtemp0 007E                    wtemp1 0080                    wtemp2 0082  
                  wtemp3 0084                    wtemp4 0086                    wtemp5 0088  
                  wtemp6 007F          __initialization 07FC             __end_of_main 07FC  
                 ??_main 0074  __end_of__initialization 07FC           __pcstackCOMMON 0070  
             __pmaintext 07F6     end_of_initialization 07FC      start_initialization 07FC  
              ___latbits 0003            __size_of_main 0006                 main@argc 0070  
               main@argv 0072              pic14e$flags 007E  
